<?xml version="1.0" encoding="UTF-8"?>
<coverage generated="1533838390411" clover="3.2.0">
  <project timestamp="1533838390411" name="All files">
    <metrics statements="9" coveredstatements="9" conditionals="0" coveredconditionals="0" methods="3" coveredmethods="3" elements="12" coveredelements="12" complexity="0" loc="9" ncloc="9" packages="2" files="2" classes="2">
      <package name="unit-testing-afternoon">
        <metrics statements="8" coveredstatements="8" conditionals="0" coveredconditionals="0" methods="3" coveredmethods="3"/>
        <file name="cart.js" path="C:\Users\dalton.bagley\Documents\DevMountain\won2\week21\unit-testing-afternoon\cart.js">
          <metrics statements="8" coveredstatements="8" conditionals="0" coveredconditionals="0" methods="3" coveredmethods="3"/>
          <line num="1" count="1" type="stmt"/>
          <line num="3" count="1" type="stmt"/>
          <line num="8" count="15" type="stmt"/>
          <line num="9" count="15" type="stmt"/>
          <line num="13" count="3" type="stmt"/>
          <line num="14" count="3" type="stmt"/>
          <line num="18" count="1" type="stmt"/>
          <line num="19" count="1" type="stmt"/>
        </file>
      </package>
      <package name="unit-testing-afternoon.data">
        <metrics statements="1" coveredstatements="1" conditionals="0" coveredconditionals="0" methods="0" coveredmethods="0"/>
        <file name="cars.js" path="C:\Users\dalton.bagley\Documents\DevMountain\won2\week21\unit-testing-afternoon\data\cars.js">
          <metrics statements="1" coveredstatements="1" conditionals="0" coveredconditionals="0" methods="0" coveredmethods="0"/>
          <line num="1" count="1" type="stmt"/>
        </file>
      </package>
    </metrics>
  </project>
</coverage>
