{"C:\\Users\\dalton.bagley\\Documents\\DevMountain\\won2\\week21\\unit-testing-afternoon\\cart.js": {"path":"C:\\Users\\dalton.bagley\\Documents\\DevMountain\\won2\\week21\\unit-testing-afternoon\\cart.js","statementMap":{"0":{"start":{"line":1,"column":13},"end":{"line":1,"column":35}},"1":{"start":{"line":3,"column":0},"end":{"line":21,"column":2}},"2":{"start":{"line":8,"column":4},"end":{"line":8,"column":23}},"3":{"start":{"line":9,"column":4},"end":{"line":9,"column":27}},"4":{"start":{"line":13,"column":4},"end":{"line":13,"column":26}},"5":{"start":{"line":14,"column":4},"end":{"line":14,"column":23}},"6":{"start":{"line":18,"column":4},"end":{"line":18,"column":18}},"7":{"start":{"line":19,"column":4},"end":{"line":19,"column":18}}},"fnMap":{"0":{"name":"(anonymous_0)","decl":{"start":{"line":7,"column":13},"end":{"line":7,"column":14}},"loc":{"start":{"line":7,"column":27},"end":{"line":10,"column":3}},"line":7},"1":{"name":"(anonymous_1)","decl":{"start":{"line":12,"column":18},"end":{"line":12,"column":19}},"loc":{"start":{"line":12,"column":37},"end":{"line":15,"column":3}},"line":12},"2":{"name":"(anonymous_2)","decl":{"start":{"line":17,"column":12},"end":{"line":17,"column":13}},"loc":{"start":{"line":17,"column":23},"end":{"line":20,"column":3}},"line":17}},"branchMap":{},"s":{"0":1,"1":1,"2":15,"3":15,"4":3,"5":3,"6":1,"7":1},"f":{"0":15,"1":3,"2":1},"b":{},"_coverageSchema":"332fd63041d2c1bcb487cc26dd0d5f7d97098a6c","hash":"80272b11b1766cbebe5b6a7a987d6c89e6f5a5bb"}
,"C:\\Users\\dalton.bagley\\Documents\\DevMountain\\won2\\week21\\unit-testing-afternoon\\data\\cars.js": {"path":"C:\\Users\\dalton.bagley\\Documents\\DevMountain\\won2\\week21\\unit-testing-afternoon\\data\\cars.js","statementMap":{"0":{"start":{"line":1,"column":0},"end":{"line":22,"column":2}}},"fnMap":{},"branchMap":{},"s":{"0":1},"f":{},"b":{},"_coverageSchema":"332fd63041d2c1bcb487cc26dd0d5f7d97098a6c","hash":"872132a7cc08f12bcc1e5dabf2430b1c08d892d6"}
}
